<?xml version="1.0" encoding="UTF-8"?>
<testsuite name="com.example.libraryApp.LibraryAppApplicationTests" tests="1" skipped="0" failures="0" errors="0" timestamp="2021-04-02T21:32:56" hostname="LAPTOP-2UALPAND" time="0.425">
  <properties/>
  <testcase name="contextLoads()" classname="com.example.libraryApp.LibraryAppApplicationTests" time="0.425"/>
  <system-out><![CDATA[22:32:17.257 [Test worker] DEBUG org.springframework.test.context.BootstrapUtils - Instantiating CacheAwareContextLoaderDelegate from class [org.springframework.test.context.cache.DefaultCacheAwareContextLoaderDelegate]
22:32:17.733 [Test worker] DEBUG org.springframework.test.context.BootstrapUtils - Instantiating BootstrapContext using constructor [public org.springframework.test.context.support.DefaultBootstrapContext(java.lang.Class,org.springframework.test.context.CacheAwareContextLoaderDelegate)]
22:32:18.501 [Test worker] DEBUG org.springframework.test.context.BootstrapUtils - Instantiating TestContextBootstrapper for test class [com.example.libraryApp.LibraryAppApplicationTests] from class [org.springframework.boot.test.context.SpringBootTestContextBootstrapper]
22:32:18.828 [Test worker] INFO org.springframework.boot.test.context.SpringBootTestContextBootstrapper - Neither @ContextConfiguration nor @ContextHierarchy found for test class [com.example.libraryApp.LibraryAppApplicationTests], using SpringBootContextLoader
22:32:18.947 [Test worker] DEBUG org.springframework.test.context.support.AbstractContextLoader - Did not detect default resource location for test class [com.example.libraryApp.LibraryAppApplicationTests]: class path resource [com/example/libraryApp/LibraryAppApplicationTests-context.xml] does not exist
22:32:18.955 [Test worker] DEBUG org.springframework.test.context.support.AbstractContextLoader - Did not detect default resource location for test class [com.example.libraryApp.LibraryAppApplicationTests]: class path resource [com/example/libraryApp/LibraryAppApplicationTestsContext.groovy] does not exist
22:32:18.974 [Test worker] INFO org.springframework.test.context.support.AbstractContextLoader - Could not detect default resource locations for test class [com.example.libraryApp.LibraryAppApplicationTests]: no resource found for suffixes {-context.xml, Context.groovy}.
22:32:18.982 [Test worker] INFO org.springframework.test.context.support.AnnotationConfigContextLoaderUtils - Could not detect default configuration classes for test class [com.example.libraryApp.LibraryAppApplicationTests]: LibraryAppApplicationTests does not declare any static, non-private, non-final, nested classes annotated with @Configuration.
22:32:19.596 [Test worker] DEBUG org.springframework.test.context.support.ActiveProfilesUtils - Could not find an 'annotation declaring class' for annotation type [org.springframework.test.context.ActiveProfiles] and class [com.example.libraryApp.LibraryAppApplicationTests]
22:32:20.184 [Test worker] DEBUG org.springframework.context.annotation.ClassPathScanningCandidateComponentProvider - Identified candidate component class: file [C:\Users\hema\Downloads\libraryApp\build\classes\java\main\com\example\libraryApp\LibraryAppApplication.class]
22:32:20.336 [Test worker] INFO org.springframework.boot.test.context.SpringBootTestContextBootstrapper - Found @SpringBootConfiguration com.example.libraryApp.LibraryAppApplication for test class com.example.libraryApp.LibraryAppApplicationTests
22:32:21.860 [Test worker] DEBUG org.springframework.boot.test.context.SpringBootTestContextBootstrapper - @TestExecutionListeners is not present for class [com.example.libraryApp.LibraryAppApplicationTests]: using defaults.
22:32:21.864 [Test worker] INFO org.springframework.boot.test.context.SpringBootTestContextBootstrapper - Loaded default TestExecutionListener class names from location [META-INF/spring.factories]: [org.springframework.boot.test.autoconfigure.restdocs.RestDocsTestExecutionListener, org.springframework.boot.test.autoconfigure.web.client.MockRestServiceServerResetTestExecutionListener, org.springframework.boot.test.autoconfigure.web.servlet.MockMvcPrintOnlyOnFailureTestExecutionListener, org.springframework.boot.test.autoconfigure.web.servlet.WebDriverTestExecutionListener, org.springframework.boot.test.autoconfigure.webservices.client.MockWebServiceServerTestExecutionListener, org.springframework.boot.test.mock.mockito.MockitoTestExecutionListener, org.springframework.boot.test.mock.mockito.ResetMocksTestExecutionListener, org.springframework.test.context.web.ServletTestExecutionListener, org.springframework.test.context.support.DirtiesContextBeforeModesTestExecutionListener, org.springframework.test.context.support.DependencyInjectionTestExecutionListener, org.springframework.test.context.support.DirtiesContextTestExecutionListener, org.springframework.test.context.transaction.TransactionalTestExecutionListener, org.springframework.test.context.jdbc.SqlScriptsTestExecutionListener, org.springframework.test.context.event.EventPublishingTestExecutionListener]
22:32:22.535 [Test worker] INFO org.springframework.boot.test.context.SpringBootTestContextBootstrapper - Using TestExecutionListeners: [org.springframework.test.context.web.ServletTestExecutionListener@2c5ab9fb, org.springframework.test.context.support.DirtiesContextBeforeModesTestExecutionListener@1717507f, org.springframework.boot.test.mock.mockito.MockitoTestExecutionListener@6eceae05, org.springframework.boot.test.autoconfigure.SpringBootDependencyInjectionTestExecutionListener@3edfbc13, org.springframework.test.context.support.DirtiesContextTestExecutionListener@47335f52, org.springframework.test.context.transaction.TransactionalTestExecutionListener@6a0a7b63, org.springframework.test.context.jdbc.SqlScriptsTestExecutionListener@71af4ea1, org.springframework.test.context.event.EventPublishingTestExecutionListener@32d35ba3, org.springframework.boot.test.autoconfigure.restdocs.RestDocsTestExecutionListener@6f475b64, org.springframework.boot.test.autoconfigure.web.client.MockRestServiceServerResetTestExecutionListener@56afe48c, org.springframework.boot.test.autoconfigure.web.servlet.MockMvcPrintOnlyOnFailureTestExecutionListener@5d7e72be, org.springframework.boot.test.autoconfigure.web.servlet.WebDriverTestExecutionListener@75d834f1, org.springframework.boot.test.autoconfigure.webservices.client.MockWebServiceServerTestExecutionListener@2011cd55, org.springframework.boot.test.mock.mockito.ResetMocksTestExecutionListener@9b3d65f]
22:32:22.569 [Test worker] DEBUG org.springframework.test.context.support.AbstractDirtiesContextTestExecutionListener - Before test class: context [DefaultTestContext@715c00dd testClass = LibraryAppApplicationTests, testInstance = [null], testMethod = [null], testException = [null], mergedContextConfiguration = [WebMergedContextConfiguration@2d68f3dc testClass = LibraryAppApplicationTests, locations = '{}', classes = '{class com.example.libraryApp.LibraryAppApplication}', contextInitializerClasses = '[]', activeProfiles = '{}', propertySourceLocations = '{}', propertySourceProperties = '{org.springframework.boot.test.context.SpringBootTestContextBootstrapper=true}', contextCustomizers = set[org.springframework.boot.test.autoconfigure.properties.PropertyMappingContextCustomizer@0, org.springframework.boot.test.autoconfigure.web.servlet.WebDriverContextCustomizerFactory$Customizer@6b738444, org.springframework.boot.test.context.filter.ExcludeFilterContextCustomizer@7cbd3fd8, org.springframework.boot.test.json.DuplicateJsonObjectContextCustomizerFactory$DuplicateJsonObjectContextCustomizer@1e3952f1, org.springframework.boot.test.mock.mockito.MockitoContextCustomizer@0, org.springframework.boot.test.web.client.TestRestTemplateContextCustomizer@7452aaad, org.springframework.boot.test.context.SpringBootTestArgs@1, org.springframework.boot.test.context.SpringBootTestWebEnvironment@766a3dd6], resourceBasePath = 'src/main/webapp', contextLoader = 'org.springframework.boot.test.context.SpringBootContextLoader', parent = [null]], attributes = map['org.springframework.test.context.web.ServletTestExecutionListener.activateListener' -> true]], class annotated with @DirtiesContext [false] with mode [null].
22:32:22.952 [Test worker] DEBUG org.springframework.test.context.support.TestPropertySourceUtils - Adding inlined properties to environment: {spring.jmx.enabled=false, org.springframework.boot.test.context.SpringBootTestContextBootstrapper=true}

  .   ____          _            __ _ _
 /\\ / ___'_ __ _ _(_)_ __  __ _ \ \ \ \
( ( )\___ | '_ | '_| | '_ \/ _` | \ \ \ \
 \\/  ___)| |_)| | | | | || (_| |  ) ) ) )
  '  |____| .__|_| |_|_| |_\__, | / / / /
 =========|_|==============|___/=/_/_/_/
 :: Spring Boot ::        (v2.3.9.RELEASE)

2021-04-02 22:32:24.476  INFO 12176 --- [    Test worker] c.e.l.LibraryAppApplicationTests         : Starting LibraryAppApplicationTests on LAPTOP-2UALPAND with PID 12176 (started by hema in C:\Users\hema\Downloads\libraryApp)
2021-04-02 22:32:24.483  INFO 12176 --- [    Test worker] c.e.l.LibraryAppApplicationTests         : The following profiles are active: test
2021-04-02 22:32:28.885  INFO 12176 --- [    Test worker] .s.d.r.c.RepositoryConfigurationDelegate : Bootstrapping Spring Data JPA repositories in DEFAULT mode.
2021-04-02 22:32:29.168  INFO 12176 --- [    Test worker] .s.d.r.c.RepositoryConfigurationDelegate : Finished Spring Data repository scanning in 237ms. Found 1 JPA repository interfaces.
2021-04-02 22:32:39.351  INFO 12176 --- [    Test worker] com.zaxxer.hikari.HikariDataSource       : HikariPool-1 - Starting...
2021-04-02 22:32:42.035  INFO 12176 --- [    Test worker] com.zaxxer.hikari.HikariDataSource       : HikariPool-1 - Start completed.
2021-04-02 22:32:42.331  INFO 12176 --- [    Test worker] o.hibernate.jpa.internal.util.LogHelper  : HHH000204: Processing PersistenceUnitInfo [name: default]
2021-04-02 22:32:42.932  INFO 12176 --- [    Test worker] org.hibernate.Version                    : HHH000412: Hibernate ORM core version 5.4.28.Final
2021-04-02 22:32:43.423  INFO 12176 --- [    Test worker] o.hibernate.annotations.common.Version   : HCANN000001: Hibernate Commons Annotations {5.1.2.Final}
2021-04-02 22:32:44.168  INFO 12176 --- [    Test worker] org.hibernate.dialect.Dialect            : HHH000400: Using dialect: org.hibernate.dialect.H2Dialect
2021-04-02 22:32:47.856  INFO 12176 --- [    Test worker] o.h.e.t.j.p.i.JtaPlatformInitiator       : HHH000490: Using JtaPlatform implementation: [org.hibernate.engine.transaction.jta.platform.internal.NoJtaPlatform]
2021-04-02 22:32:47.883  INFO 12176 --- [    Test worker] j.LocalContainerEntityManagerFactoryBean : Initialized JPA EntityManagerFactory for persistence unit 'default'
2021-04-02 22:32:52.596  WARN 12176 --- [    Test worker] JpaBaseConfiguration$JpaWebConfiguration : spring.jpa.open-in-view is enabled by default. Therefore, database queries may be performed during view rendering. Explicitly configure spring.jpa.open-in-view to disable this warning
2021-04-02 22:32:54.734  INFO 12176 --- [    Test worker] o.s.s.concurrent.ThreadPoolTaskExecutor  : Initializing ExecutorService 'applicationTaskExecutor'
2021-04-02 22:32:56.272  INFO 12176 --- [    Test worker] c.e.l.LibraryAppApplicationTests         : Started LibraryAppApplicationTests in 33.213 seconds (JVM running for 47.674)
]]></system-out>
  <system-err><![CDATA[]]></system-err>
</testsuite>
