<?xml version="1.0" encoding="UTF-8"?>
<testsuite name="com.example.libraryApp.LibraryServiceTest" tests="3" skipped="0" failures="0" errors="0" timestamp="2021-04-02T21:33:01" hostname="LAPTOP-2UALPAND" time="1.039">
  <properties/>
  <testcase name="testAddBook()" classname="com.example.libraryApp.LibraryServiceTest" time="1.003"/>
  <testcase name="testGetAllBooks()" classname="com.example.libraryApp.LibraryServiceTest" time="0.019"/>
  <testcase name="testGetAllBooksWithNoBooks()" classname="com.example.libraryApp.LibraryServiceTest" time="0.013"/>
  <system-out><![CDATA[2021-04-02 22:33:01.157  INFO 12176 --- [    Test worker] .b.t.c.SpringBootTestContextBootstrapper : Neither @ContextConfiguration nor @ContextHierarchy found for test class [com.example.libraryApp.LibraryServiceTest], using SpringBootContextLoader
2021-04-02 22:33:01.159  INFO 12176 --- [    Test worker] o.s.t.c.support.AbstractContextLoader    : Could not detect default resource locations for test class [com.example.libraryApp.LibraryServiceTest]: no resource found for suffixes {-context.xml, Context.groovy}.
2021-04-02 22:33:01.160  INFO 12176 --- [    Test worker] t.c.s.AnnotationConfigContextLoaderUtils : Could not detect default configuration classes for test class [com.example.libraryApp.LibraryServiceTest]: LibraryServiceTest does not declare any static, non-private, non-final, nested classes annotated with @Configuration.
2021-04-02 22:33:01.170  INFO 12176 --- [    Test worker] .b.t.c.SpringBootTestContextBootstrapper : Found @SpringBootConfiguration com.example.libraryApp.LibraryAppApplication for test class com.example.libraryApp.LibraryServiceTest
2021-04-02 22:33:01.173  INFO 12176 --- [    Test worker] .b.t.c.SpringBootTestContextBootstrapper : Loaded default TestExecutionListener class names from location [META-INF/spring.factories]: [org.springframework.boot.test.autoconfigure.restdocs.RestDocsTestExecutionListener, org.springframework.boot.test.autoconfigure.web.client.MockRestServiceServerResetTestExecutionListener, org.springframework.boot.test.autoconfigure.web.servlet.MockMvcPrintOnlyOnFailureTestExecutionListener, org.springframework.boot.test.autoconfigure.web.servlet.WebDriverTestExecutionListener, org.springframework.boot.test.autoconfigure.webservices.client.MockWebServiceServerTestExecutionListener, org.springframework.boot.test.mock.mockito.MockitoTestExecutionListener, org.springframework.boot.test.mock.mockito.ResetMocksTestExecutionListener, org.springframework.test.context.web.ServletTestExecutionListener, org.springframework.test.context.support.DirtiesContextBeforeModesTestExecutionListener, org.springframework.test.context.support.DependencyInjectionTestExecutionListener, org.springframework.test.context.support.DirtiesContextTestExecutionListener, org.springframework.test.context.transaction.TransactionalTestExecutionListener, org.springframework.test.context.jdbc.SqlScriptsTestExecutionListener, org.springframework.test.context.event.EventPublishingTestExecutionListener]
2021-04-02 22:33:01.177  INFO 12176 --- [    Test worker] .b.t.c.SpringBootTestContextBootstrapper : Using TestExecutionListeners: [org.springframework.test.context.web.ServletTestExecutionListener@731a8b50, org.springframework.test.context.support.DirtiesContextBeforeModesTestExecutionListener@2aa72671, org.springframework.boot.test.mock.mockito.MockitoTestExecutionListener@7fa4c1ee, org.springframework.boot.test.autoconfigure.SpringBootDependencyInjectionTestExecutionListener@3ecc0e4d, org.springframework.test.context.support.DirtiesContextTestExecutionListener@19ab42cf, org.springframework.test.context.transaction.TransactionalTestExecutionListener@a2c7b25, org.springframework.test.context.jdbc.SqlScriptsTestExecutionListener@535e603f, org.springframework.test.context.event.EventPublishingTestExecutionListener@dbea27f, org.springframework.boot.test.autoconfigure.restdocs.RestDocsTestExecutionListener@4e40343d, org.springframework.boot.test.autoconfigure.web.client.MockRestServiceServerResetTestExecutionListener@27dc8b83, org.springframework.boot.test.autoconfigure.web.servlet.MockMvcPrintOnlyOnFailureTestExecutionListener@7a358df, org.springframework.boot.test.autoconfigure.web.servlet.WebDriverTestExecutionListener@7f76bf0e, org.springframework.boot.test.autoconfigure.webservices.client.MockWebServiceServerTestExecutionListener@30589d01, org.springframework.boot.test.mock.mockito.ResetMocksTestExecutionListener@739b881a]
]]></system-out>
  <system-err><![CDATA[]]></system-err>
</testsuite>
